<?xml version="1.0" encoding="UTF-8"?>
<!-- Generated by org.testng.reporters.JUnitXMLReporter -->
<testsuite ignored="0" hostname="Sulehria" failures="0" tests="4" name="Default test" time="49.635" errors="0" timestamp="29 Mar 2021 18:54:15 GMT">
  <testcase classname="Assign.Zameen_Assignment" name="preRec" time="9.972"/>
  <testcase classname="Assign.Zameen_Assignment" name="VerifyResultsMatchCriteria" time="8.854"/>
  <testcase classname="Assign.Zameen_Assignment" name="VerifyResultsAndDetailsMatchExtraCriteria" time="19.328"/>
  <testcase classname="Assign.Zameen_Assignment" name="VerifyPropOnMap" time="11.136"/>
</testsuite> <!-- Default test -->
