<?xml version="1.0" encoding="UTF-8"?>
<testng-results ignored="0" total="4" passed="4" failed="0" skipped="0">
  <reporter-output>
  </reporter-output>
  <suite started-at="2021-03-29T18:53:26Z" name="Default suite" finished-at="2021-03-29T18:54:15Z" duration-ms="49635">
    <groups>
    </groups>
    <test started-at="2021-03-29T18:53:26Z" name="Default test" finished-at="2021-03-29T18:54:15Z" duration-ms="49635">
      <class name="Assign.Zameen_Assignment">
        <test-method signature="preRec()[pri:1, instance:Assign.Zameen_Assignment@5b715ea]" started-at="2021-03-29T18:53:26Z" name="preRec" finished-at="2021-03-29T18:53:36Z" duration-ms="9972" status="PASS">
          <reporter-output>
          </reporter-output>
        </test-method> <!-- preRec -->
        <test-method is-config="true" signature="onTestFaliure(org.testng.ITestResult)[pri:0, instance:Assign.Zameen_Assignment@5b715ea]" started-at="2021-03-29T18:53:36Z" name="onTestFaliure" finished-at="2021-03-29T18:53:36Z" duration-ms="16" status="PASS">
          <params>
            <param index="0">
              <value>
                <![CDATA[[TestResult name=preRec status=SUCCESS method=Zameen_Assignment.preRec()[pri:1, instance:Assign.Zameen_Assignment@5b715ea] output={null}]]]>
              </value>
            </param>
          </params>
          <reporter-output>
          </reporter-output>
        </test-method> <!-- onTestFaliure -->
        <test-method signature="VerifyResultsMatchCriteria()[pri:2, instance:Assign.Zameen_Assignment@5b715ea]" started-at="2021-03-29T18:53:36Z" name="VerifyResultsMatchCriteria" description="Assignment" finished-at="2021-03-29T18:53:45Z" duration-ms="8854" status="PASS">
          <reporter-output>
          </reporter-output>
        </test-method> <!-- VerifyResultsMatchCriteria -->
        <test-method is-config="true" signature="onTestFaliure(org.testng.ITestResult)[pri:0, instance:Assign.Zameen_Assignment@5b715ea]" started-at="2021-03-29T18:53:45Z" name="onTestFaliure" finished-at="2021-03-29T18:53:45Z" duration-ms="0" status="PASS">
          <params>
            <param index="0">
              <value>
                <![CDATA[[TestResult name=VerifyResultsMatchCriteria status=SUCCESS method=Zameen_Assignment.VerifyResultsMatchCriteria()[pri:2, instance:Assign.Zameen_Assignment@5b715ea] output={null}]]]>
              </value>
            </param>
          </params>
          <reporter-output>
          </reporter-output>
        </test-method> <!-- onTestFaliure -->
        <test-method signature="VerifyResultsAndDetailsMatchExtraCriteria()[pri:3, instance:Assign.Zameen_Assignment@5b715ea]" started-at="2021-03-29T18:53:45Z" name="VerifyResultsAndDetailsMatchExtraCriteria" description="Assignment" finished-at="2021-03-29T18:54:04Z" duration-ms="19328" status="PASS">
          <reporter-output>
          </reporter-output>
        </test-method> <!-- VerifyResultsAndDetailsMatchExtraCriteria -->
        <test-method is-config="true" signature="onTestFaliure(org.testng.ITestResult)[pri:0, instance:Assign.Zameen_Assignment@5b715ea]" started-at="2021-03-29T18:54:04Z" name="onTestFaliure" finished-at="2021-03-29T18:54:04Z" duration-ms="0" status="PASS">
          <params>
            <param index="0">
              <value>
                <![CDATA[[TestResult name=VerifyResultsAndDetailsMatchExtraCriteria status=SUCCESS method=Zameen_Assignment.VerifyResultsAndDetailsMatchExtraCriteria()[pri:3, instance:Assign.Zameen_Assignment@5b715ea] output={null}]]]>
              </value>
            </param>
          </params>
          <reporter-output>
          </reporter-output>
        </test-method> <!-- onTestFaliure -->
        <test-method signature="VerifyPropOnMap()[pri:4, instance:Assign.Zameen_Assignment@5b715ea]" started-at="2021-03-29T18:54:04Z" name="VerifyPropOnMap" description="Assignment" finished-at="2021-03-29T18:54:15Z" duration-ms="11136" status="PASS">
          <reporter-output>
          </reporter-output>
        </test-method> <!-- VerifyPropOnMap -->
        <test-method is-config="true" signature="onTestFaliure(org.testng.ITestResult)[pri:0, instance:Assign.Zameen_Assignment@5b715ea]" started-at="2021-03-29T18:54:15Z" name="onTestFaliure" finished-at="2021-03-29T18:54:15Z" duration-ms="0" status="PASS">
          <params>
            <param index="0">
              <value>
                <![CDATA[[TestResult name=VerifyPropOnMap status=SUCCESS method=Zameen_Assignment.VerifyPropOnMap()[pri:4, instance:Assign.Zameen_Assignment@5b715ea] output={null}]]]>
              </value>
            </param>
          </params>
          <reporter-output>
          </reporter-output>
        </test-method> <!-- onTestFaliure -->
        <test-method is-config="true" signature="ClosingBrowser()[pri:0, instance:Assign.Zameen_Assignment@5b715ea]" started-at="2021-03-29T18:54:16Z" name="ClosingBrowser" finished-at="2021-03-29T18:54:16Z" duration-ms="0" status="PASS">
          <reporter-output>
          </reporter-output>
        </test-method> <!-- ClosingBrowser -->
      </class> <!-- Assign.Zameen_Assignment -->
    </test> <!-- Default test -->
  </suite> <!-- Default suite -->
</testng-results>
